{
  "RSpec": {
    "coverage": {
      "/Users/JonathanThom/Desktop/twilio/spec/features/contacts_path_spec.rb": [
        1,
        null,
        1,
        1,
        1,
        1,
        1,
        1,
        1,
        null,
        null,
        1,
        1,
        1,
        1,
        null,
        null,
        1,
        1,
        1,
        null,
        null
      ],
      "/Users/JonathanThom/Desktop/twilio/spec/rails_helper.rb": [
        null,
        1,
        1,
        null,
        1,
        1,
        1,
        1,
        1,
        1,
        1,
        null,
        null,
        null,
        null,
        null,
        null,
        null,
        null,
        null,
        null,
        null,
        null,
        null,
        null,
        null,
        null,
        null,
        null,
        null,
        1,
        null,
        1,
        null,
        1,
        null,
        null,
        null,
        null,
        null,
        null,
        1,
        1,
        null,
        null,
        1,
        8,
        8,
        null,
        null,
        null,
        null,
        null,
        null,
        null,
        null,
        null,
        null,
        null,
        null,
        null,
        null,
        null,
        null,
        1,
        null,
        null,
        1,
        null,
        null,
        null,
        null,
        1,
        1,
        1,
        1,
        null,
        null,
        null,
        null,
        1,
        1,
        1,
        1,
        4,
        4,
        4,
        4,
        null
      ],
      "/Users/JonathanThom/Desktop/twilio/config/environment.rb": [
        null,
        1,
        null,
        null,
        1
      ],
      "/Users/JonathanThom/Desktop/twilio/config/application.rb": [
        1,
        null,
        1,
        null,
        1,
        1,
        1,
        1,
        1,
        1,
        1,
        1,
        null,
        null,
        null,
        null,
        1,
        null,
        1,
        1,
        null,
        null,
        null,
        null,
        null
      ],
      "/Users/JonathanThom/Desktop/twilio/config/boot.rb": [
        1,
        null,
        1
      ],
      "/Users/JonathanThom/Desktop/twilio/config/spring.rb": [
        null,
        null,
        null,
        null,
        null,
        5
      ],
      "/Users/JonathanThom/Desktop/twilio/config/environments/test.rb": [
        1,
        null,
        null,
        null,
        null,
        null,
        null,
        1,
        null,
        null,
        null,
        null,
        1,
        null,
        null,
        1,
        1,
        null,
        null,
        null,
        null,
        1,
        1,
        null,
        null,
        1,
        null,
        null,
        1,
        1,
        null,
        null,
        null,
        null,
        1,
        null,
        null,
        1,
        null,
        null,
        null,
        null
      ],
      "/Users/JonathanThom/Desktop/twilio/config/initializers/application_controller_renderer.rb": [
        null,
        null,
        null,
        null,
        null,
        null
      ],
      "/Users/JonathanThom/Desktop/twilio/config/initializers/assets.rb": [
        null,
        null,
        null,
        1,
        null,
        null,
        null,
        null,
        null,
        null,
        null
      ],
      "/Users/JonathanThom/Desktop/twilio/config/initializers/backtrace_silencers.rb": [
        null,
        null,
        null,
        null,
        null,
        null,
        null
      ],
      "/Users/JonathanThom/Desktop/twilio/config/initializers/cookies_serializer.rb": [
        null,
        null,
        null,
        null,
        1
      ],
      "/Users/JonathanThom/Desktop/twilio/config/initializers/filter_parameter_logging.rb": [
        null,
        null,
        null,
        1
      ],
      "/Users/JonathanThom/Desktop/twilio/config/initializers/inflections.rb": [
        null,
        null,
        null,
        null,
        null,
        null,
        null,
        null,
        null,
        null,
        null,
        null,
        null,
        null,
        null,
        null
      ],
      "/Users/JonathanThom/Desktop/twilio/config/initializers/mime_types.rb": [
        null,
        null,
        null,
        null
      ],
      "/Users/JonathanThom/Desktop/twilio/config/initializers/new_framework_defaults.rb": [
        null,
        null,
        null,
        null,
        null,
        null,
        null,
        1,
        null,
        null,
        1,
        null,
        null,
        null,
        1,
        null,
        null,
        1,
        null,
        null,
        1,
        null,
        null,
        1
      ],
      "/Users/JonathanThom/Desktop/twilio/config/initializers/session_store.rb": [
        null,
        null,
        1
      ],
      "/Users/JonathanThom/Desktop/twilio/config/initializers/wrap_parameters.rb": [
        null,
        null,
        null,
        null,
        null,
        null,
        1,
        2,
        null,
        null,
        null,
        null,
        null,
        null
      ],
      "/Users/JonathanThom/Desktop/twilio/app/channels/application_cable/channel.rb": [
        1,
        1,
        null,
        null
      ],
      "/Users/JonathanThom/Desktop/twilio/app/channels/application_cable/connection.rb": [
        1,
        1,
        null,
        null
      ],
      "/Users/JonathanThom/Desktop/twilio/app/controllers/application_controller.rb": [
        1,
        1,
        null
      ],
      "/Users/JonathanThom/Desktop/twilio/app/helpers/application_helper.rb": [
        1,
        null,
        null
      ],
      "/Users/JonathanThom/Desktop/twilio/app/controllers/contacts_controller.rb": [
        1,
        1,
        1,
        null,
        null,
        1,
        1,
        null,
        null,
        1,
        2,
        null,
        null,
        1,
        2,
        2,
        1,
        1,
        null,
        1,
        null,
        null,
        null,
        1,
        null,
        1,
        2,
        null,
        null,
        null
      ],
      "/Users/JonathanThom/Desktop/twilio/app/controllers/home_controller.rb": [
        1,
        1,
        null,
        null
      ],
      "/Users/JonathanThom/Desktop/twilio/app/controllers/messages_controller.rb": [
        1,
        1,
        1,
        null,
        null,
        1,
        2,
        2,
        null,
        null,
        1,
        2,
        null,
        2,
        2,
        2,
        6,
        2,
        2,
        2,
        1,
        null,
        null,
        null,
        null,
        2,
        1,
        1,
        null,
        1,
        null,
        null,
        null,
        null,
        null,
        null,
        1,
        1,
        null,
        null,
        1,
        null,
        1,
        4,
        null,
        null
      ],
      "/Users/JonathanThom/Desktop/twilio/app/jobs/application_job.rb": [
        1,
        null
      ],
      "/Users/JonathanThom/Desktop/twilio/app/mailers/application_mailer.rb": [
        1,
        1,
        1,
        null
      ],
      "/Users/JonathanThom/Desktop/twilio/app/models/application_record.rb": [
        1,
        1,
        null
      ],
      "/Users/JonathanThom/Desktop/twilio/app/models/contact.rb": [
        1,
        1,
        null
      ],
      "/Users/JonathanThom/Desktop/twilio/app/models/message.rb": [
        1,
        1,
        null,
        null,
        1,
        null,
        1,
        3,
        3,
        null,
        null,
        null,
        null,
        null,
        null,
        null,
        null,
        null,
        2,
        2,
        2,
        2,
        null,
        null,
        null
      ],
      "/Users/JonathanThom/Desktop/twilio/spec/factories/contact.rb": [
        1,
        1,
        1,
        1,
        null,
        null
      ],
      "/Users/JonathanThom/Desktop/twilio/spec/factories/message.rb": [
        1,
        1,
        1,
        1,
        1,
        null,
        null
      ],
      "/Users/JonathanThom/Desktop/twilio/config/routes.rb": [
        1,
        1,
        1,
        1,
        null
      ],
      "/Users/JonathanThom/Desktop/twilio/spec/support/factory_girl.rb": [
        1,
        1,
        null
      ],
      "/Users/JonathanThom/Desktop/twilio/spec/features/messages_path_spec.rb": [
        1,
        null,
        1,
        1,
        1,
        1,
        1,
        null,
        1,
        1,
        1,
        1,
        1,
        1,
        null,
        null,
        1,
        1,
        1,
        1,
        null,
        1,
        1,
        1,
        null,
        null
      ],
      "/Users/JonathanThom/Desktop/twilio/spec/models/contact_spec.rb": [
        1,
        null,
        1,
        2,
        2,
        null
      ],
      "/Users/JonathanThom/Desktop/twilio/spec/models/message_spec.rb": [
        1,
        null,
        1,
        null,
        null,
        null,
        1,
        1,
        1,
        1,
        null,
        null
      ]
    },
    "timestamp": 1488240602
  }
}
